[2015-11-13 19:52:58] batch.DEBUG: Job execution starting: startTime=, endTime=, updatedTime=, status=2, exitStatus=[UNKNOWN] , exitDescription=[], job=[fixtures_category_csv] [] []
[2015-11-13 19:52:58] batch.INFO: Step execution starting: id=0, name=[pim_connector.jobs.fixtures_category_csv.validation.title], status=[2], exitCode=[EXECUTING], exitDescription=[] [] []
[2015-11-13 19:52:58] batch.DEBUG: Step execution success: id= 1 [] []
[2015-11-13 19:52:58] batch.DEBUG: Step execution complete: id=1, name=[pim_connector.jobs.fixtures_category_csv.validation.title], status=[1], exitCode=[EXECUTING], exitDescription=[] [] []
[2015-11-13 19:52:58] batch.INFO: Step execution starting: id=0, name=[pim_installer.jobs.fixtures_category_csv.import.title], status=[2], exitCode=[EXECUTING], exitDescription=[] [] []
[2015-11-13 19:53:00] batch.DEBUG: Step execution success: id= 2 [] []
[2015-11-13 19:53:00] batch.DEBUG: Step execution complete: id=2, name=[pim_installer.jobs.fixtures_category_csv.import.title], status=[1], exitCode=[EXECUTING], exitDescription=[] [] []
[2015-11-13 19:53:00] batch.DEBUG: Upgrading JobExecution status: startTime=2015-11-13T19:52:58+00:00, endTime=, updatedTime=, status=3, exitStatus=[UNKNOWN] , exitDescription=[], job=[fixtures_category_csv] [] []
[2015-11-13 19:53:00] batch.DEBUG: Job execution starting: startTime=, endTime=, updatedTime=, status=2, exitStatus=[UNKNOWN] , exitDescription=[], job=[fixtures_group_type_yml] [] []
[2015-11-13 19:53:00] batch.INFO: Step execution starting: id=0, name=[pim_connector.jobs.fixtures_group_type_yml.validation.title], status=[2], exitCode=[EXECUTING], exitDescription=[] [] []
[2015-11-13 19:53:00] batch.DEBUG: Step execution success: id= 3 [] []
[2015-11-13 19:53:00] batch.DEBUG: Step execution complete: id=3, name=[pim_connector.jobs.fixtures_group_type_yml.validation.title], status=[1], exitCode=[EXECUTING], exitDescription=[] [] []
[2015-11-13 19:53:00] batch.INFO: Step execution starting: id=0, name=[pim_installer.jobs.fixtures_group_type_yml.import.title], status=[2], exitCode=[EXECUTING], exitDescription=[] [] []
[2015-11-13 19:53:00] batch.DEBUG: Step execution success: id= 4 [] []
[2015-11-13 19:53:00] batch.DEBUG: Step execution complete: id=4, name=[pim_installer.jobs.fixtures_group_type_yml.import.title], status=[1], exitCode=[EXECUTING], exitDescription=[] [] []
[2015-11-13 19:53:00] batch.DEBUG: Upgrading JobExecution status: startTime=2015-11-13T19:53:00+00:00, endTime=, updatedTime=, status=3, exitStatus=[UNKNOWN] , exitDescription=[], job=[fixtures_group_type_yml] [] []
[2015-11-13 19:53:00] batch.DEBUG: Job execution starting: startTime=, endTime=, updatedTime=, status=2, exitStatus=[UNKNOWN] , exitDescription=[], job=[fixtures_attribute_group_yml] [] []
[2015-11-13 19:53:00] batch.INFO: Step execution starting: id=0, name=[pim_connector.jobs.fixtures_attribute_group_yml.validation.title], status=[2], exitCode=[EXECUTING], exitDescription=[] [] []
[2015-11-13 19:53:00] batch.DEBUG: Step execution success: id= 5 [] []
[2015-11-13 19:53:00] batch.DEBUG: Step execution complete: id=5, name=[pim_connector.jobs.fixtures_attribute_group_yml.validation.title], status=[1], exitCode=[EXECUTING], exitDescription=[] [] []
[2015-11-13 19:53:00] batch.INFO: Step execution starting: id=0, name=[pim_installer.jobs.fixtures_attribute_group_yml.import.title], status=[2], exitCode=[EXECUTING], exitDescription=[] [] []
[2015-11-13 19:53:00] batch.DEBUG: Step execution success: id= 6 [] []
[2015-11-13 19:53:00] batch.DEBUG: Step execution complete: id=6, name=[pim_installer.jobs.fixtures_attribute_group_yml.import.title], status=[1], exitCode=[EXECUTING], exitDescription=[] [] []
[2015-11-13 19:53:00] batch.DEBUG: Upgrading JobExecution status: startTime=2015-11-13T19:53:00+00:00, endTime=, updatedTime=, status=3, exitStatus=[UNKNOWN] , exitDescription=[], job=[fixtures_attribute_group_yml] [] []
[2015-11-13 19:53:00] batch.DEBUG: Job execution starting: startTime=, endTime=, updatedTime=, status=2, exitStatus=[UNKNOWN] , exitDescription=[], job=[fixtures_association_type_csv] [] []
[2015-11-13 19:53:00] batch.INFO: Step execution starting: id=0, name=[pim_connector.jobs.fixtures_association_type_csv.validation.title], status=[2], exitCode=[EXECUTING], exitDescription=[] [] []
[2015-11-13 19:53:00] batch.DEBUG: Step execution success: id= 7 [] []
[2015-11-13 19:53:00] batch.DEBUG: Step execution complete: id=7, name=[pim_connector.jobs.fixtures_association_type_csv.validation.title], status=[1], exitCode=[EXECUTING], exitDescription=[] [] []
[2015-11-13 19:53:00] batch.INFO: Step execution starting: id=0, name=[pim_installer.jobs.fixtures_association_type_csv.import.title], status=[2], exitCode=[EXECUTING], exitDescription=[] [] []
[2015-11-13 19:53:00] batch.DEBUG: Step execution success: id= 8 [] []
[2015-11-13 19:53:00] batch.DEBUG: Step execution complete: id=8, name=[pim_installer.jobs.fixtures_association_type_csv.import.title], status=[1], exitCode=[EXECUTING], exitDescription=[] [] []
[2015-11-13 19:53:00] batch.DEBUG: Upgrading JobExecution status: startTime=2015-11-13T19:53:00+00:00, endTime=, updatedTime=, status=3, exitStatus=[UNKNOWN] , exitDescription=[], job=[fixtures_association_type_csv] [] []
[2015-11-13 19:53:00] batch.DEBUG: Job execution starting: startTime=, endTime=, updatedTime=, status=2, exitStatus=[UNKNOWN] , exitDescription=[], job=[fixtures_attribute_csv] [] []
[2015-11-13 19:53:00] batch.INFO: Step execution starting: id=0, name=[pim_connector.jobs.fixtures_attribute_csv.validation.title], status=[2], exitCode=[EXECUTING], exitDescription=[] [] []
[2015-11-13 19:53:00] batch.DEBUG: Step execution success: id= 9 [] []
[2015-11-13 19:53:00] batch.DEBUG: Step execution complete: id=9, name=[pim_connector.jobs.fixtures_attribute_csv.validation.title], status=[1], exitCode=[EXECUTING], exitDescription=[] [] []
[2015-11-13 19:53:00] batch.INFO: Step execution starting: id=0, name=[pim_connector.jobs.csv_attribute_import.import.title], status=[2], exitCode=[EXECUTING], exitDescription=[] [] []
[2015-11-13 19:53:01] batch.DEBUG: Step execution success: id= 10 [] []
[2015-11-13 19:53:01] batch.DEBUG: Step execution complete: id=10, name=[pim_connector.jobs.csv_attribute_import.import.title], status=[1], exitCode=[EXECUTING], exitDescription=[] [] []
[2015-11-13 19:53:01] batch.DEBUG: Upgrading JobExecution status: startTime=2015-11-13T19:53:00+00:00, endTime=, updatedTime=, status=3, exitStatus=[UNKNOWN] , exitDescription=[], job=[fixtures_attribute_csv] [] []
[2015-11-13 19:53:01] batch.DEBUG: Job execution starting: startTime=, endTime=, updatedTime=, status=2, exitStatus=[UNKNOWN] , exitDescription=[], job=[fixtures_channel_yml] [] []
[2015-11-13 19:53:01] batch.INFO: Step execution starting: id=0, name=[pim_connector.jobs.fixtures_channel_yml.validation.title], status=[2], exitCode=[EXECUTING], exitDescription=[] [] []
[2015-11-13 19:53:01] batch.DEBUG: Step execution success: id= 11 [] []
[2015-11-13 19:53:01] batch.DEBUG: Step execution complete: id=11, name=[pim_connector.jobs.fixtures_channel_yml.validation.title], status=[1], exitCode=[EXECUTING], exitDescription=[] [] []
[2015-11-13 19:53:01] batch.INFO: Step execution starting: id=0, name=[pim_installer.jobs.fixtures_channel_yml.import.title], status=[2], exitCode=[EXECUTING], exitDescription=[] [] []
[2015-11-13 19:53:01] batch.DEBUG: Step execution success: id= 12 [] []
[2015-11-13 19:53:01] batch.DEBUG: Step execution complete: id=12, name=[pim_installer.jobs.fixtures_channel_yml.import.title], status=[1], exitCode=[EXECUTING], exitDescription=[] [] []
[2015-11-13 19:53:01] batch.DEBUG: Upgrading JobExecution status: startTime=2015-11-13T19:53:01+00:00, endTime=, updatedTime=, status=3, exitStatus=[UNKNOWN] , exitDescription=[], job=[fixtures_channel_yml] [] []
[2015-11-13 19:53:01] batch.DEBUG: Job execution starting: startTime=, endTime=, updatedTime=, status=2, exitStatus=[UNKNOWN] , exitDescription=[], job=[fixtures_attribute_options_csv] [] []
[2015-11-13 19:53:01] batch.INFO: Step execution starting: id=0, name=[pim_connector.jobs.fixtures_attribute_options_csv.validation.title], status=[2], exitCode=[EXECUTING], exitDescription=[] [] []
[2015-11-13 19:53:01] batch.DEBUG: Step execution success: id= 13 [] []
[2015-11-13 19:53:01] batch.DEBUG: Step execution complete: id=13, name=[pim_connector.jobs.fixtures_attribute_options_csv.validation.title], status=[1], exitCode=[EXECUTING], exitDescription=[] [] []
[2015-11-13 19:53:01] batch.INFO: Step execution starting: id=0, name=[pim_installer.jobs.fixtures_attribute_options_csv.import.title], status=[2], exitCode=[EXECUTING], exitDescription=[] [] []
[2015-11-13 19:53:01] batch.DEBUG: Step execution success: id= 14 [] []
[2015-11-13 19:53:01] batch.DEBUG: Step execution complete: id=14, name=[pim_installer.jobs.fixtures_attribute_options_csv.import.title], status=[1], exitCode=[EXECUTING], exitDescription=[] [] []
[2015-11-13 19:53:01] batch.DEBUG: Upgrading JobExecution status: startTime=2015-11-13T19:53:01+00:00, endTime=, updatedTime=, status=3, exitStatus=[UNKNOWN] , exitDescription=[], job=[fixtures_attribute_options_csv] [] []
[2015-11-13 19:53:01] batch.DEBUG: Job execution starting: startTime=, endTime=, updatedTime=, status=2, exitStatus=[UNKNOWN] , exitDescription=[], job=[fixtures_family_csv] [] []
[2015-11-13 19:53:01] batch.INFO: Step execution starting: id=0, name=[pim_connector.jobs.fixtures_family_csv.validation.title], status=[2], exitCode=[EXECUTING], exitDescription=[] [] []
[2015-11-13 19:53:01] batch.DEBUG: Step execution success: id= 15 [] []
[2015-11-13 19:53:01] batch.DEBUG: Step execution complete: id=15, name=[pim_connector.jobs.fixtures_family_csv.validation.title], status=[1], exitCode=[EXECUTING], exitDescription=[] [] []
[2015-11-13 19:53:01] batch.INFO: Step execution starting: id=0, name=[pim_installer.jobs.fixtures_family_csv.import.title], status=[2], exitCode=[EXECUTING], exitDescription=[] [] []
[2015-11-13 19:53:02] batch.DEBUG: Step execution success: id= 16 [] []
[2015-11-13 19:53:02] batch.DEBUG: Step execution complete: id=16, name=[pim_installer.jobs.fixtures_family_csv.import.title], status=[1], exitCode=[EXECUTING], exitDescription=[] [] []
[2015-11-13 19:53:02] batch.DEBUG: Upgrading JobExecution status: startTime=2015-11-13T19:53:01+00:00, endTime=, updatedTime=, status=3, exitStatus=[UNKNOWN] , exitDescription=[], job=[fixtures_family_csv] [] []
[2015-11-13 19:53:02] batch.DEBUG: Job execution starting: startTime=, endTime=, updatedTime=, status=2, exitStatus=[UNKNOWN] , exitDescription=[], job=[fixtures_group_csv] [] []
[2015-11-13 19:53:02] batch.INFO: Step execution starting: id=0, name=[pim_connector.jobs.fixtures_group_csv.validation.title], status=[2], exitCode=[EXECUTING], exitDescription=[] [] []
[2015-11-13 19:53:02] batch.DEBUG: Step execution success: id= 17 [] []
[2015-11-13 19:53:02] batch.DEBUG: Step execution complete: id=17, name=[pim_connector.jobs.fixtures_group_csv.validation.title], status=[1], exitCode=[EXECUTING], exitDescription=[] [] []
[2015-11-13 19:53:02] batch.INFO: Step execution starting: id=0, name=[pim_installer.jobs.fixtures_group_csv.import.title], status=[2], exitCode=[EXECUTING], exitDescription=[] [] []
[2015-11-13 19:53:02] batch.DEBUG: Step execution success: id= 18 [] []
[2015-11-13 19:53:02] batch.DEBUG: Step execution complete: id=18, name=[pim_installer.jobs.fixtures_group_csv.import.title], status=[1], exitCode=[EXECUTING], exitDescription=[] [] []
[2015-11-13 19:53:02] batch.DEBUG: Upgrading JobExecution status: startTime=2015-11-13T19:53:02+00:00, endTime=, updatedTime=, status=3, exitStatus=[UNKNOWN] , exitDescription=[], job=[fixtures_group_csv] [] []
[2015-11-13 19:53:02] batch.DEBUG: Job execution starting: startTime=, endTime=, updatedTime=, status=2, exitStatus=[UNKNOWN] , exitDescription=[], job=[fixtures_variant_group_csv] [] []
[2015-11-13 19:53:02] batch.INFO: Step execution starting: id=0, name=[pim_connector.jobs.fixtures_variant_group_csv.validation.title], status=[2], exitCode=[EXECUTING], exitDescription=[] [] []
[2015-11-13 19:53:02] batch.DEBUG: Step execution success: id= 19 [] []
[2015-11-13 19:53:02] batch.DEBUG: Step execution complete: id=19, name=[pim_connector.jobs.fixtures_variant_group_csv.validation.title], status=[1], exitCode=[EXECUTING], exitDescription=[] [] []
[2015-11-13 19:53:02] batch.INFO: Step execution starting: id=0, name=[pim_installer.jobs.fixtures_variant_group_csv.import.title], status=[2], exitCode=[EXECUTING], exitDescription=[] [] []
[2015-11-13 19:53:02] batch.DEBUG: Step execution success: id= 20 [] []
[2015-11-13 19:53:02] batch.DEBUG: Step execution complete: id=20, name=[pim_installer.jobs.fixtures_variant_group_csv.import.title], status=[1], exitCode=[EXECUTING], exitDescription=[] [] []
[2015-11-13 19:53:02] batch.DEBUG: Upgrading JobExecution status: startTime=2015-11-13T19:53:02+00:00, endTime=, updatedTime=, status=3, exitStatus=[UNKNOWN] , exitDescription=[], job=[fixtures_variant_group_csv] [] []
[2015-11-13 19:53:02] batch.DEBUG: Job execution starting: startTime=, endTime=, updatedTime=, status=2, exitStatus=[UNKNOWN] , exitDescription=[], job=[fixtures_product_csv] [] []
[2015-11-13 19:53:02] batch.INFO: Step execution starting: id=0, name=[pim_connector.jobs.fixtures_product_csv.validation.title], status=[2], exitCode=[EXECUTING], exitDescription=[] [] []
[2015-11-13 19:53:02] batch.DEBUG: Step execution success: id= 21 [] []
[2015-11-13 19:53:02] batch.DEBUG: Step execution complete: id=21, name=[pim_connector.jobs.fixtures_product_csv.validation.title], status=[1], exitCode=[EXECUTING], exitDescription=[] [] []
[2015-11-13 19:53:02] batch.INFO: Step execution starting: id=0, name=[pim_connector.jobs.csv_product_import.import.title], status=[2], exitCode=[EXECUTING], exitDescription=[] [] []
[2015-11-13 19:53:49] batch.DEBUG: Step execution success: id= 22 [] []
[2015-11-13 19:53:49] batch.DEBUG: Step execution complete: id=22, name=[pim_connector.jobs.csv_product_import.import.title], status=[1], exitCode=[EXECUTING], exitDescription=[] [] []
[2015-11-13 19:53:49] batch.INFO: Step execution starting: id=0, name=[pim_connector.jobs.csv_product_import.import_associations.title], status=[2], exitCode=[EXECUTING], exitDescription=[] [] []
[2015-11-13 19:53:55] batch.DEBUG: Step execution success: id= 23 [] []
[2015-11-13 19:53:55] batch.DEBUG: Step execution complete: id=23, name=[pim_connector.jobs.csv_product_import.import_associations.title], status=[1], exitCode=[EXECUTING], exitDescription=[] [] []
[2015-11-13 19:53:55] batch.DEBUG: Upgrading JobExecution status: startTime=2015-11-13T19:53:02+00:00, endTime=, updatedTime=, status=3, exitStatus=[UNKNOWN] , exitDescription=[], job=[fixtures_product_csv] [] []
[2015-11-13 19:53:55] batch.DEBUG: Job execution starting: startTime=, endTime=, updatedTime=, status=2, exitStatus=[UNKNOWN] , exitDescription=[], job=[fixtures_job_yml] [] []
[2015-11-13 19:53:55] batch.INFO: Step execution starting: id=0, name=[pim_connector.jobs.fixtures_job_yml.validation.title], status=[2], exitCode=[EXECUTING], exitDescription=[] [] []
[2015-11-13 19:53:55] batch.DEBUG: Step execution success: id= 24 [] []
[2015-11-13 19:53:55] batch.DEBUG: Step execution complete: id=24, name=[pim_connector.jobs.fixtures_job_yml.validation.title], status=[1], exitCode=[EXECUTING], exitDescription=[] [] []
[2015-11-13 19:53:55] batch.INFO: Step execution starting: id=0, name=[pim_installer.jobs.fixtures_job_yml.import.title], status=[2], exitCode=[EXECUTING], exitDescription=[] [] []
[2015-11-13 19:53:55] batch.DEBUG: Step execution success: id= 25 [] []
[2015-11-13 19:53:55] batch.DEBUG: Step execution complete: id=25, name=[pim_installer.jobs.fixtures_job_yml.import.title], status=[1], exitCode=[EXECUTING], exitDescription=[] [] []
[2015-11-13 19:53:55] batch.DEBUG: Upgrading JobExecution status: startTime=2015-11-13T19:53:55+00:00, endTime=, updatedTime=, status=3, exitStatus=[UNKNOWN] , exitDescription=[], job=[fixtures_job_yml] [] []
