[2015-11-22 17:48:47] batch.DEBUG: Job execution starting: startTime=, endTime=, updatedTime=, status=2, exitStatus=[UNKNOWN] , exitDescription=[], job=[fixtures_category_csv] [] []
[2015-11-22 17:48:47] batch.INFO: Step execution starting: id=0, name=[pim_connector.jobs.fixtures_category_csv.validation.title], status=[2], exitCode=[EXECUTING], exitDescription=[] [] []
[2015-11-22 17:48:47] batch.DEBUG: Step execution success: id= 1 [] []
[2015-11-22 17:48:47] batch.DEBUG: Step execution complete: id=1, name=[pim_connector.jobs.fixtures_category_csv.validation.title], status=[1], exitCode=[EXECUTING], exitDescription=[] [] []
[2015-11-22 17:48:47] batch.INFO: Step execution starting: id=0, name=[pim_installer.jobs.fixtures_category_csv.import.title], status=[2], exitCode=[EXECUTING], exitDescription=[] [] []
[2015-11-22 17:48:47] batch.DEBUG: Step execution success: id= 2 [] []
[2015-11-22 17:48:47] batch.DEBUG: Step execution complete: id=2, name=[pim_installer.jobs.fixtures_category_csv.import.title], status=[1], exitCode=[EXECUTING], exitDescription=[] [] []
[2015-11-22 17:48:47] batch.DEBUG: Upgrading JobExecution status: startTime=2015-11-22T17:48:47+00:00, endTime=, updatedTime=, status=3, exitStatus=[UNKNOWN] , exitDescription=[], job=[fixtures_category_csv] [] []
[2015-11-22 17:48:47] batch.DEBUG: Job execution starting: startTime=, endTime=, updatedTime=, status=2, exitStatus=[UNKNOWN] , exitDescription=[], job=[fixtures_group_type_yml] [] []
[2015-11-22 17:48:47] batch.INFO: Step execution starting: id=0, name=[pim_connector.jobs.fixtures_group_type_yml.validation.title], status=[2], exitCode=[EXECUTING], exitDescription=[] [] []
[2015-11-22 17:48:47] batch.DEBUG: Step execution success: id= 3 [] []
[2015-11-22 17:48:47] batch.DEBUG: Step execution complete: id=3, name=[pim_connector.jobs.fixtures_group_type_yml.validation.title], status=[1], exitCode=[EXECUTING], exitDescription=[] [] []
[2015-11-22 17:48:47] batch.INFO: Step execution starting: id=0, name=[pim_installer.jobs.fixtures_group_type_yml.import.title], status=[2], exitCode=[EXECUTING], exitDescription=[] [] []
[2015-11-22 17:48:47] batch.DEBUG: Step execution success: id= 4 [] []
[2015-11-22 17:48:47] batch.DEBUG: Step execution complete: id=4, name=[pim_installer.jobs.fixtures_group_type_yml.import.title], status=[1], exitCode=[EXECUTING], exitDescription=[] [] []
[2015-11-22 17:48:47] batch.DEBUG: Upgrading JobExecution status: startTime=2015-11-22T17:48:47+00:00, endTime=, updatedTime=, status=3, exitStatus=[UNKNOWN] , exitDescription=[], job=[fixtures_group_type_yml] [] []
[2015-11-22 17:48:47] batch.DEBUG: Job execution starting: startTime=, endTime=, updatedTime=, status=2, exitStatus=[UNKNOWN] , exitDescription=[], job=[fixtures_attribute_group_yml] [] []
[2015-11-22 17:48:47] batch.INFO: Step execution starting: id=0, name=[pim_connector.jobs.fixtures_attribute_group_yml.validation.title], status=[2], exitCode=[EXECUTING], exitDescription=[] [] []
[2015-11-22 17:48:47] batch.DEBUG: Step execution success: id= 5 [] []
[2015-11-22 17:48:47] batch.DEBUG: Step execution complete: id=5, name=[pim_connector.jobs.fixtures_attribute_group_yml.validation.title], status=[1], exitCode=[EXECUTING], exitDescription=[] [] []
[2015-11-22 17:48:47] batch.INFO: Step execution starting: id=0, name=[pim_installer.jobs.fixtures_attribute_group_yml.import.title], status=[2], exitCode=[EXECUTING], exitDescription=[] [] []
[2015-11-22 17:48:47] batch.DEBUG: Step execution success: id= 6 [] []
[2015-11-22 17:48:47] batch.DEBUG: Step execution complete: id=6, name=[pim_installer.jobs.fixtures_attribute_group_yml.import.title], status=[1], exitCode=[EXECUTING], exitDescription=[] [] []
[2015-11-22 17:48:47] batch.DEBUG: Upgrading JobExecution status: startTime=2015-11-22T17:48:47+00:00, endTime=, updatedTime=, status=3, exitStatus=[UNKNOWN] , exitDescription=[], job=[fixtures_attribute_group_yml] [] []
[2015-11-22 17:48:47] batch.DEBUG: Job execution starting: startTime=, endTime=, updatedTime=, status=2, exitStatus=[UNKNOWN] , exitDescription=[], job=[fixtures_attribute_csv] [] []
[2015-11-22 17:48:47] batch.INFO: Step execution starting: id=0, name=[pim_connector.jobs.fixtures_attribute_csv.validation.title], status=[2], exitCode=[EXECUTING], exitDescription=[] [] []
[2015-11-22 17:48:47] batch.DEBUG: Step execution success: id= 7 [] []
[2015-11-22 17:48:47] batch.DEBUG: Step execution complete: id=7, name=[pim_connector.jobs.fixtures_attribute_csv.validation.title], status=[1], exitCode=[EXECUTING], exitDescription=[] [] []
[2015-11-22 17:48:47] batch.INFO: Step execution starting: id=0, name=[pim_connector.jobs.csv_attribute_import.import.title], status=[2], exitCode=[EXECUTING], exitDescription=[] [] []
[2015-11-22 17:48:47] batch.DEBUG: Step execution success: id= 8 [] []
[2015-11-22 17:48:47] batch.DEBUG: Step execution complete: id=8, name=[pim_connector.jobs.csv_attribute_import.import.title], status=[1], exitCode=[EXECUTING], exitDescription=[] [] []
[2015-11-22 17:48:47] batch.DEBUG: Upgrading JobExecution status: startTime=2015-11-22T17:48:47+00:00, endTime=, updatedTime=, status=3, exitStatus=[UNKNOWN] , exitDescription=[], job=[fixtures_attribute_csv] [] []
[2015-11-22 17:48:47] batch.DEBUG: Job execution starting: startTime=, endTime=, updatedTime=, status=2, exitStatus=[UNKNOWN] , exitDescription=[], job=[fixtures_channel_yml] [] []
[2015-11-22 17:48:47] batch.INFO: Step execution starting: id=0, name=[pim_connector.jobs.fixtures_channel_yml.validation.title], status=[2], exitCode=[EXECUTING], exitDescription=[] [] []
[2015-11-22 17:48:47] batch.DEBUG: Step execution success: id= 9 [] []
[2015-11-22 17:48:47] batch.DEBUG: Step execution complete: id=9, name=[pim_connector.jobs.fixtures_channel_yml.validation.title], status=[1], exitCode=[EXECUTING], exitDescription=[] [] []
[2015-11-22 17:48:47] batch.INFO: Step execution starting: id=0, name=[pim_installer.jobs.fixtures_channel_yml.import.title], status=[2], exitCode=[EXECUTING], exitDescription=[] [] []
[2015-11-22 17:48:47] batch.DEBUG: Step execution success: id= 10 [] []
[2015-11-22 17:48:47] batch.DEBUG: Step execution complete: id=10, name=[pim_installer.jobs.fixtures_channel_yml.import.title], status=[1], exitCode=[EXECUTING], exitDescription=[] [] []
[2015-11-22 17:48:47] batch.DEBUG: Upgrading JobExecution status: startTime=2015-11-22T17:48:47+00:00, endTime=, updatedTime=, status=3, exitStatus=[UNKNOWN] , exitDescription=[], job=[fixtures_channel_yml] [] []
[2015-11-22 17:48:47] batch.DEBUG: Job execution starting: startTime=, endTime=, updatedTime=, status=2, exitStatus=[UNKNOWN] , exitDescription=[], job=[fixtures_job_yml] [] []
[2015-11-22 17:48:47] batch.INFO: Step execution starting: id=0, name=[pim_connector.jobs.fixtures_job_yml.validation.title], status=[2], exitCode=[EXECUTING], exitDescription=[] [] []
[2015-11-22 17:48:47] batch.DEBUG: Step execution success: id= 11 [] []
[2015-11-22 17:48:47] batch.DEBUG: Step execution complete: id=11, name=[pim_connector.jobs.fixtures_job_yml.validation.title], status=[1], exitCode=[EXECUTING], exitDescription=[] [] []
[2015-11-22 17:48:47] batch.INFO: Step execution starting: id=0, name=[pim_installer.jobs.fixtures_job_yml.import.title], status=[2], exitCode=[EXECUTING], exitDescription=[] [] []
[2015-11-22 17:48:47] batch.DEBUG: Step execution success: id= 12 [] []
[2015-11-22 17:48:47] batch.DEBUG: Step execution complete: id=12, name=[pim_installer.jobs.fixtures_job_yml.import.title], status=[1], exitCode=[EXECUTING], exitDescription=[] [] []
[2015-11-22 17:48:47] batch.DEBUG: Upgrading JobExecution status: startTime=2015-11-22T17:48:47+00:00, endTime=, updatedTime=, status=3, exitStatus=[UNKNOWN] , exitDescription=[], job=[fixtures_job_yml] [] []
